<?xml version="1.0" encoding="UTF-8"?>
<testsuite name="ParkingLotTest" tests="1" skipped="0" failures="0" errors="0" timestamp="2020-03-23T10:36:30" hostname="anurag-Inspiron-15-3567" time="0.001">
  <properties/>
  <testcase name="givenParkingLot_WhenParkingLotGetFull_ShouldThrowException" classname="ParkingLotTest" time="0.001"/>
  <system-out><![CDATA[]]></system-out>
  <system-err><![CDATA[]]></system-err>
</testsuite>
